This is pdfTeX, Version 3.14159265-2.6-1.40.20 (TeX Live 2019) (preloaded format=pdflatex 2020.3.16)  23 AUG 2020 20:21
entering extended mode
 restricted \write18 enabled.
 %&-line parsing enabled.
**finalreport.tex
(./finalreport.tex
LaTeX2e <2018-12-01>
(./surreydissertation.cls
Document Class: surreydissertation 2010/09/27
(/usr/local/texlive/2019/texmf-dist/tex/latex/base/report.cls
Document Class: report 2018/09/03 v1.4i Standard LaTeX document class
(/usr/local/texlive/2019/texmf-dist/tex/latex/base/size11.clo
File: size11.clo 2018/09/03 v1.4i Standard LaTeX file (size option)
)
\c@part=\count80
\c@chapter=\count81
\c@section=\count82
\c@subsection=\count83
\c@subsubsection=\count84
\c@paragraph=\count85
\c@subparagraph=\count86
\c@figure=\count87
\c@table=\count88
\abovecaptionskip=\skip41
\belowcaptionskip=\skip42
\bibindent=\dimen102
)
(/usr/local/texlive/2019/texmf-dist/tex/latex/base/fontenc.sty
Package: fontenc 2018/08/11 v2.0j Standard LaTeX package

(/usr/local/texlive/2019/texmf-dist/tex/latex/base/t1enc.def
File: t1enc.def 2018/08/11 v2.0j Standard LaTeX file
LaTeX Font Info:    Redeclaring font encoding T1 on input line 48.
))
(/usr/local/texlive/2019/texmf-dist/tex/latex/base/inputenc.sty
Package: inputenc 2018/08/11 v1.3c Input encoding file
\inpenc@prehook=\toks14
\inpenc@posthook=\toks15
)
(/usr/local/texlive/2019/texmf-dist/tex/latex/geometry/geometry.sty
Package: geometry 2018/04/16 v5.8 Page Geometry

(/usr/local/texlive/2019/texmf-dist/tex/latex/graphics/keyval.sty
Package: keyval 2014/10/28 v1.15 key=value parser (DPC)
\KV@toks@=\toks16
)
(/usr/local/texlive/2019/texmf-dist/tex/generic/oberdiek/ifpdf.sty
Package: ifpdf 2018/09/07 v3.3 Provides the ifpdf switch
)
(/usr/local/texlive/2019/texmf-dist/tex/generic/oberdiek/ifvtex.sty
Package: ifvtex 2016/05/16 v1.6 Detect VTeX and its facilities (HO)
Package ifvtex Info: VTeX not detected.
)
(/usr/local/texlive/2019/texmf-dist/tex/generic/ifxetex/ifxetex.sty
Package: ifxetex 2010/09/12 v0.6 Provides ifxetex conditional
)
\Gm@cnth=\count89
\Gm@cntv=\count90
\c@Gm@tempcnt=\count91
\Gm@bindingoffset=\dimen103
\Gm@wd@mp=\dimen104
\Gm@odd@mp=\dimen105
\Gm@even@mp=\dimen106
\Gm@layoutwidth=\dimen107
\Gm@layoutheight=\dimen108
\Gm@layouthoffset=\dimen109
\Gm@layoutvoffset=\dimen110
\Gm@dimlist=\toks17
)
(/usr/local/texlive/2019/texmf-dist/tex/latex/fancyhdr/fancyhdr.sty
Package: fancyhdr 2019/01/31 v3.10 Extensive control of page headers and footer
s
\f@nch@headwidth=\skip43
\f@nch@O@elh=\skip44
\f@nch@O@erh=\skip45
\f@nch@O@olh=\skip46
\f@nch@O@orh=\skip47
\f@nch@O@elf=\skip48
\f@nch@O@erf=\skip49
\f@nch@O@olf=\skip50
\f@nch@O@orf=\skip51
)
(/usr/local/texlive/2019/texmf-dist/tex/latex/graphics/graphicx.sty
Package: graphicx 2017/06/01 v1.1a Enhanced LaTeX Graphics (DPC,SPQR)

(/usr/local/texlive/2019/texmf-dist/tex/latex/graphics/graphics.sty
Package: graphics 2017/06/25 v1.2c Standard LaTeX Graphics (DPC,SPQR)

(/usr/local/texlive/2019/texmf-dist/tex/latex/graphics/trig.sty
Package: trig 2016/01/03 v1.10 sin cos tan (DPC)
)
(/usr/local/texlive/2019/texmf-dist/tex/latex/graphics-cfg/graphics.cfg
File: graphics.cfg 2016/06/04 v1.11 sample graphics configuration
)
Package graphics Info: Driver file: pdftex.def on input line 99.

(/usr/local/texlive/2019/texmf-dist/tex/latex/graphics-def/pdftex.def
File: pdftex.def 2018/01/08 v1.0l Graphics/color driver for pdftex
))
\Gin@req@height=\dimen111
\Gin@req@width=\dimen112
)
(/usr/local/texlive/2019/texmf-dist/tex/latex/subfigure/subfigure.sty
Package: subfigure 2002/03/15 v2.1.5 subfigure package
\subfigtopskip=\skip52
\subfigcapskip=\skip53
\subfigcaptopadj=\dimen113
\subfigbottomskip=\skip54
\subfigcapmargin=\dimen114
\subfiglabelskip=\skip55
\c@subfigure=\count92
\c@lofdepth=\count93
\c@subtable=\count94
\c@lotdepth=\count95

****************************************
* Local config file subfigure.cfg used *
****************************************
(/usr/local/texlive/2019/texmf-dist/tex/latex/subfigure/subfigure.cfg)
\subfig@top=\skip56
\subfig@bottom=\skip57
)
(/usr/local/texlive/2019/texmf-dist/tex/latex/hyperref/hyperref.sty
Package: hyperref 2018/11/30 v6.88e Hypertext links for LaTeX

(/usr/local/texlive/2019/texmf-dist/tex/generic/oberdiek/hobsub-hyperref.sty
Package: hobsub-hyperref 2016/05/16 v1.14 Bundle oberdiek, subset hyperref (HO)


(/usr/local/texlive/2019/texmf-dist/tex/generic/oberdiek/hobsub-generic.sty
Package: hobsub-generic 2016/05/16 v1.14 Bundle oberdiek, subset generic (HO)
Package: hobsub 2016/05/16 v1.14 Construct package bundles (HO)
Package: infwarerr 2016/05/16 v1.4 Providing info/warning/error messages (HO)
Package: ltxcmds 2016/05/16 v1.23 LaTeX kernel commands for general use (HO)
Package: ifluatex 2016/05/16 v1.4 Provides the ifluatex switch (HO)
Package ifluatex Info: LuaTeX not detected.
Package hobsub Info: Skipping package `ifvtex' (already loaded).
Package: intcalc 2016/05/16 v1.2 Expandable calculations with integers (HO)
Package hobsub Info: Skipping package `ifpdf' (already loaded).
Package: etexcmds 2016/05/16 v1.6 Avoid name clashes with e-TeX commands (HO)
Package: kvsetkeys 2016/05/16 v1.17 Key value parser (HO)
Package: kvdefinekeys 2016/05/16 v1.4 Define keys (HO)
Package: pdftexcmds 2018/09/10 v0.29 Utility functions of pdfTeX for LuaTeX (HO
)
Package pdftexcmds Info: LuaTeX not detected.
Package pdftexcmds Info: \pdf@primitive is available.
Package pdftexcmds Info: \pdf@ifprimitive is available.
Package pdftexcmds Info: \pdfdraftmode found.
Package: pdfescape 2016/05/16 v1.14 Implements pdfTeX's escape features (HO)
Package: bigintcalc 2016/05/16 v1.4 Expandable calculations on big integers (HO
)
Package: bitset 2016/05/16 v1.2 Handle bit-vector datatype (HO)
Package: uniquecounter 2016/05/16 v1.3 Provide unlimited unique counter (HO)
)
Package hobsub Info: Skipping package `hobsub' (already loaded).
Package: letltxmacro 2016/05/16 v1.5 Let assignment for LaTeX macros (HO)
Package: hopatch 2016/05/16 v1.3 Wrapper for package hooks (HO)
Package: xcolor-patch 2016/05/16 xcolor patch
Package: atveryend 2016/05/16 v1.9 Hooks at the very end of document (HO)
Package atveryend Info: \enddocument detected (standard20110627).
Package: atbegshi 2016/06/09 v1.18 At begin shipout hook (HO)
Package: refcount 2016/05/16 v3.5 Data extraction from label references (HO)
Package: hycolor 2016/05/16 v1.8 Color options for hyperref/bookmark (HO)
)
(/usr/local/texlive/2019/texmf-dist/tex/latex/oberdiek/auxhook.sty
Package: auxhook 2016/05/16 v1.4 Hooks for auxiliary files (HO)
)
(/usr/local/texlive/2019/texmf-dist/tex/latex/oberdiek/kvoptions.sty
Package: kvoptions 2016/05/16 v3.12 Key value format for package options (HO)
)
\@linkdim=\dimen115
\Hy@linkcounter=\count96
\Hy@pagecounter=\count97

(/usr/local/texlive/2019/texmf-dist/tex/latex/hyperref/pd1enc.def
File: pd1enc.def 2018/11/30 v6.88e Hyperref: PDFDocEncoding definition (HO)
Now handling font encoding PD1 ...
... no UTF-8 mapping file for font encoding PD1
)
\Hy@SavedSpaceFactor=\count98

(/usr/local/texlive/2019/texmf-dist/tex/latex/latexconfig/hyperref.cfg
File: hyperref.cfg 2002/06/06 v1.2 hyperref configuration of TeXLive
)
Package hyperref Info: Hyper figures OFF on input line 4519.
Package hyperref Info: Link nesting OFF on input line 4524.
Package hyperref Info: Hyper index ON on input line 4527.
Package hyperref Info: Plain pages OFF on input line 4534.
Package hyperref Info: Backreferencing OFF on input line 4539.
Package hyperref Info: Implicit mode ON; LaTeX internals redefined.
Package hyperref Info: Bookmarks ON on input line 4772.
\c@Hy@tempcnt=\count99

(/usr/local/texlive/2019/texmf-dist/tex/latex/url/url.sty
\Urlmuskip=\muskip10
Package: url 2013/09/16  ver 3.4  Verb mode for urls, etc.
)
LaTeX Info: Redefining \url on input line 5125.
\XeTeXLinkMargin=\dimen116
\Fld@menulength=\count100
\Field@Width=\dimen117
\Fld@charsize=\dimen118
Package hyperref Info: Hyper figures OFF on input line 6380.
Package hyperref Info: Link nesting OFF on input line 6385.
Package hyperref Info: Hyper index ON on input line 6388.
Package hyperref Info: backreferencing OFF on input line 6395.
Package hyperref Info: Link coloring OFF on input line 6400.
Package hyperref Info: Link coloring with OCG OFF on input line 6405.
Package hyperref Info: PDF/A mode OFF on input line 6410.
LaTeX Info: Redefining \ref on input line 6450.
LaTeX Info: Redefining \pageref on input line 6454.
\Hy@abspage=\count101
\c@Item=\count102
\c@Hfootnote=\count103
)
Package hyperref Info: Driver (autodetected): hpdftex.

(/usr/local/texlive/2019/texmf-dist/tex/latex/hyperref/hpdftex.def
File: hpdftex.def 2018/11/30 v6.88e Hyperref driver for pdfTeX
\Fld@listcount=\count104
\c@bookmark@seq@number=\count105

(/usr/local/texlive/2019/texmf-dist/tex/latex/oberdiek/rerunfilecheck.sty
Package: rerunfilecheck 2016/05/16 v1.8 Rerun checks for auxiliary files (HO)
Package uniquecounter Info: New unique counter `rerunfilecheck' on input line 2
82.
)
\Hy@SectionHShift=\skip58
)
(/usr/local/texlive/2019/texmf-dist/tex/latex/harvard/harvard.sty
Package: harvard 

(/usr/local/texlive/2019/texmf-dist/tex/latex/base/ifthen.sty
Package: ifthen 2014/09/29 v1.1c Standard LaTeX ifthen package (DPC)
))
(/usr/local/texlive/2019/texmf-dist/tex/latex/amsmath/amsmath.sty
Package: amsmath 2018/12/01 v2.17b AMS math features
\@mathmargin=\skip59

For additional information on amsmath, use the `?' option.
(/usr/local/texlive/2019/texmf-dist/tex/latex/amsmath/amstext.sty
Package: amstext 2000/06/29 v2.01 AMS text

(/usr/local/texlive/2019/texmf-dist/tex/latex/amsmath/amsgen.sty
File: amsgen.sty 1999/11/30 v2.0 generic functions
\@emptytoks=\toks18
\ex@=\dimen119
))
(/usr/local/texlive/2019/texmf-dist/tex/latex/amsmath/amsbsy.sty
Package: amsbsy 1999/11/29 v1.2d Bold Symbols
\pmbraise@=\dimen120
)
(/usr/local/texlive/2019/texmf-dist/tex/latex/amsmath/amsopn.sty
Package: amsopn 2016/03/08 v2.02 operator names
)
\inf@bad=\count106
LaTeX Info: Redefining \frac on input line 223.
\uproot@=\count107
\leftroot@=\count108
LaTeX Info: Redefining \overline on input line 385.
\classnum@=\count109
\DOTSCASE@=\count110
LaTeX Info: Redefining \ldots on input line 482.
LaTeX Info: Redefining \dots on input line 485.
LaTeX Info: Redefining \cdots on input line 606.
\Mathstrutbox@=\box27
\strutbox@=\box28
\big@size=\dimen121
LaTeX Font Info:    Redeclaring font encoding OML on input line 729.
LaTeX Font Info:    Redeclaring font encoding OMS on input line 730.
\macc@depth=\count111
\c@MaxMatrixCols=\count112
\dotsspace@=\muskip11
\c@parentequation=\count113
\dspbrk@lvl=\count114
\tag@help=\toks19
\row@=\count115
\column@=\count116
\maxfields@=\count117
\andhelp@=\toks20
\eqnshift@=\dimen122
\alignsep@=\dimen123
\tagshift@=\dimen124
\tagwidth@=\dimen125
\totwidth@=\dimen126
\lineht@=\dimen127
\@envbody=\toks21
\multlinegap=\skip60
\multlinetaggap=\skip61
\mathdisplay@stack=\toks22
LaTeX Info: Redefining \[ on input line 2844.
LaTeX Info: Redefining \] on input line 2845.
))
(/usr/local/texlive/2019/texmf-dist/tex/latex/listings/listings.sty
\lst@mode=\count118
\lst@gtempboxa=\box29
\lst@token=\toks23
\lst@length=\count119
\lst@currlwidth=\dimen128
\lst@column=\count120
\lst@pos=\count121
\lst@lostspace=\dimen129
\lst@width=\dimen130
\lst@newlines=\count122
\lst@lineno=\count123
\lst@maxwidth=\dimen131

(/usr/local/texlive/2019/texmf-dist/tex/latex/listings/lstmisc.sty
File: lstmisc.sty 2019/02/27 1.8b (Carsten Heinz)
\c@lstnumber=\count124
\lst@skipnumbers=\count125
\lst@framebox=\box30
)
(/usr/local/texlive/2019/texmf-dist/tex/latex/listings/listings.cfg
File: listings.cfg 2019/02/27 1.8b listings configuration
))
Package: listings 2019/02/27 1.8b (Carsten Heinz)

(/usr/local/texlive/2019/texmf-dist/tex/latex/wrapfig/wrapfig.sty
\wrapoverhang=\dimen132
\WF@size=\dimen133
\c@WF@wrappedlines=\count126
\WF@box=\box31
\WF@everypar=\toks24
Package: wrapfig 2003/01/31  v 3.6
)
(/usr/local/texlive/2019/texmf-dist/tex/latex/dirtytalk/dirtytalk.sty
Package: dirtytalk 2010/11/21 A package making "quoting" easier
\c@dirtytalk@qdepth=\count127
)
(./finalreport.aux (./abstract.aux) (./acknowledgements.aux) (./glossary.aux)
(./abbrev.aux) (./chapter1.aux) (./chapter2.aux) (./chapter9.aux)
(./chapter3.aux) (./chapter4.aux) (./chapter7.aux) (./chapter8.aux))
\openout1 = `finalreport.aux'.

LaTeX Font Info:    Checking defaults for OML/cmm/m/it on input line 28.
LaTeX Font Info:    ... okay on input line 28.
LaTeX Font Info:    Checking defaults for T1/cmr/m/n on input line 28.
LaTeX Font Info:    ... okay on input line 28.
LaTeX Font Info:    Checking defaults for OT1/cmr/m/n on input line 28.
LaTeX Font Info:    ... okay on input line 28.
LaTeX Font Info:    Checking defaults for OMS/cmsy/m/n on input line 28.
LaTeX Font Info:    ... okay on input line 28.
LaTeX Font Info:    Checking defaults for OMX/cmex/m/n on input line 28.
LaTeX Font Info:    ... okay on input line 28.
LaTeX Font Info:    Checking defaults for U/cmr/m/n on input line 28.
LaTeX Font Info:    ... okay on input line 28.
LaTeX Font Info:    Checking defaults for PD1/pdf/m/n on input line 28.
LaTeX Font Info:    ... okay on input line 28.

*geometry* driver: auto-detecting
*geometry* detected driver: pdftex
*geometry* verbose mode - [ preamble ] result:
* driver: pdftex
* paper: <default>
* layout: <same size as paper>
* layoutoffset:(h,v)=(0.0pt,0.0pt)
* modes: 
* h-part:(L,W,R)=(72.26999pt, 452.9679pt, 72.26999pt)
* v-part:(T,H,B)=(72.26999pt, 700.50687pt, 72.26999pt)
* \paperwidth=597.50787pt
* \paperheight=845.04684pt
* \textwidth=452.9679pt
* \textheight=700.50687pt
* \oddsidemargin=0.0pt
* \evensidemargin=0.0pt
* \topmargin=-61.135pt
* \headheight=36.135pt
* \headsep=25.0pt
* \topskip=11.0pt
* \footskip=36.135pt
* \marginparwidth=50.0pt
* \marginparsep=10.0pt
* \columnsep=10.0pt
* \skip\footins=10.0pt plus 4.0pt minus 2.0pt
* \hoffset=0.0pt
* \voffset=0.0pt
* \mag=1000
* \@twocolumnfalse
* \@twosidefalse
* \@mparswitchfalse
* \@reversemarginfalse
* (1in=72.27pt=25.4mm, 1cm=28.453pt)

(/usr/local/texlive/2019/texmf-dist/tex/context/base/mkii/supp-pdf.mkii
[Loading MPS to PDF converter (version 2006.09.02).]
\scratchcounter=\count128
\scratchdimen=\dimen134
\scratchbox=\box32
\nofMPsegments=\count129
\nofMParguments=\count130
\everyMPshowfont=\toks25
\MPscratchCnt=\count131
\MPscratchDim=\dimen135
\MPnumerator=\count132
\makeMPintoPDFobject=\count133
\everyMPtoPDFconversion=\toks26
) (/usr/local/texlive/2019/texmf-dist/tex/latex/oberdiek/epstopdf-base.sty
Package: epstopdf-base 2016/05/15 v2.6 Base part for package epstopdf

(/usr/local/texlive/2019/texmf-dist/tex/latex/oberdiek/grfext.sty
Package: grfext 2016/05/16 v1.2 Manage graphics extensions (HO)
)
Package epstopdf-base Info: Redefining graphics rule for `.eps' on input line 4
38.
Package grfext Info: Graphics extension search list:
(grfext)             [.pdf,.png,.jpg,.mps,.jpeg,.jbig2,.jb2,.PDF,.PNG,.JPG,.JPE
G,.JBIG2,.JB2,.eps]
(grfext)             \AppendGraphicsExtensions on input line 456.

(/usr/local/texlive/2019/texmf-dist/tex/latex/latexconfig/epstopdf-sys.cfg
File: epstopdf-sys.cfg 2010/07/13 v1.3 Configuration of (r)epstopdf for TeX Liv
e
))
\AtBeginShipoutBox=\box33
Package hyperref Info: Link coloring OFF on input line 28.

(/usr/local/texlive/2019/texmf-dist/tex/latex/hyperref/nameref.sty
Package: nameref 2016/05/21 v2.44 Cross-referencing by name of section

(/usr/local/texlive/2019/texmf-dist/tex/generic/oberdiek/gettitlestring.sty
Package: gettitlestring 2016/05/16 v1.5 Cleanup title references (HO)
)
\c@section@level=\count134
)
LaTeX Info: Redefining \ref on input line 28.
LaTeX Info: Redefining \pageref on input line 28.
LaTeX Info: Redefining \nameref on input line 28.

(./finalreport.out) (./finalreport.out)
\@outlinefile=\write3
\openout3 = `finalreport.out'.


..............................................................
You are using the surrey dissertation style (Johann A. Briffa)
..............................................................
\c@lstlisting=\count135
[1

{/usr/local/texlive/2019/texmf-var/fonts/map/pdftex/updmap/pdftex.map}]pdfTeX w
arning (ext4): destination with the same identifier (name{page.1}) has been alr
eady used, duplicate ignored
<to be read again> 
                   \relax 
l.29 \maketitle
                [1]
LaTeX Font Info:    Try loading font information for OMS+cmr on input line 29.

(/usr/local/texlive/2019/texmf-dist/tex/latex/base/omscmr.fd
File: omscmr.fd 2014/09/29 v2.5h Standard LaTeX font definitions
)
LaTeX Font Info:    Font shape `OMS/cmr/m/n' in size <10.95> not available
(Font)              Font shape `OMS/cmsy/m/n' tried instead on input line 29.
 [2]
\openout2 = `abstract.aux'.


(./abstract.tex) [3


]
\openout2 = `acknowledgements.aux'.

 (./acknowledgements.tex) [4



] (./finalreport.toc [5


]
[6])
\tf@toc=\write4
\openout4 = `finalreport.toc'.

 [7] (./finalreport.lof)
\tf@lof=\write5
\openout5 = `finalreport.lof'.

 [8

] (./finalreport.lot)
\tf@lot=\write6
\openout6 = `finalreport.lot'.

 [9

]
\openout2 = `glossary.aux'.

 (./glossary.tex)
[10


]
\openout2 = `abbrev.aux'.

 (./abbrev.tex) [11



]
\openout2 = `chapter1.aux'.

 (./chapter1.tex
Chapter 1.
[12



] [13] [14]) [15]
\openout2 = `chapter2.aux'.

 (./chapter2.tex
Chapter 2.
[16



]
<Figures/reddit_rank.png, id=336, 401.5pt x 384.43625pt>
File: Figures/reddit_rank.png Graphic file (type png)
<use Figures/reddit_rank.png>
Package pdftex.def Info: Figures/reddit_rank.png  used on input line 21.
(pdftex.def)             Requested size: 401.49901pt x 384.4353pt.
 [17]
<Figures/hacker_news_rank.png, id=341, 328.22626pt x 74.2775pt>
File: Figures/hacker_news_rank.png Graphic file (type png)
<use Figures/hacker_news_rank.png>
Package pdftex.def Info: Figures/hacker_news_rank.png  used on input line 36.
(pdftex.def)             Requested size: 328.22545pt x 74.27731pt.
 [18 <./Figures/reddit_rank.png (PNG copy)>]
<Figures/wilson_confidence.png, id=348, 653.44125pt x 84.315pt>
File: Figures/wilson_confidence.png Graphic file (type png)
<use Figures/wilson_confidence.png>
Package pdftex.def Info: Figures/wilson_confidence.png  used on input line 55.
(pdftex.def)             Requested size: 326.71982pt x 42.15738pt.
 [19 <./Figures/hacker_news_rank.png>]) [20 <./Figures/wilson_confidence.png>]
\openout2 = `chapter9.aux'.

 (./chapter9.tex
Chapter 3.
[21



]
<Figures/algorithm.png, id=366, 1075.01625pt x 753.81625pt>
File: Figures/algorithm.png Graphic file (type png)
<use Figures/algorithm.png>
Package pdftex.def Info: Figures/algorithm.png  used on input line 17.
(pdftex.def)             Requested size: 429.99889pt x 301.52116pt.
 [22 <./Figures/algorithm.png>]
(/usr/local/texlive/2019/texmf-dist/tex/latex/listings/lstlang1.sty
File: lstlang1.sty 2019/02/27 1.8b listings language file
)
Overfull \hbox (4.32748pt too wide) in paragraph at lines 51--53
[][][][][][][][][][][][][][][][][][][][][][][][][] 
 []

) [23]
\openout2 = `chapter3.aux'.

 (./chapter3.tex
Chapter 4.
[24



]
<Figures/bootstrap_colours.png, id=411, 216.81pt x 409.53pt>
File: Figures/bootstrap_colours.png Graphic file (type png)
<use Figures/bootstrap_colours.png>
Package pdftex.def Info: Figures/bootstrap_colours.png  used on input line 25.
(pdftex.def)             Requested size: 108.40472pt x 204.7645pt.
<Figures/post_example.png, id=412, 684.5575pt x 738.76pt>
File: Figures/post_example.png Graphic file (type png)
<use Figures/post_example.png>
Package pdftex.def Info: Figures/post_example.png  used on input line 31.
(pdftex.def)             Requested size: 203.83417pt x 219.97264pt.
 [25 <./Figures/bootstrap_colours.png> <./Figures/post_example.png>])
[26] [27]
\openout2 = `chapter4.aux'.

 (./chapter4.tex
Chapter 5.
<Figures/apps_django.png, id=439, 163.61125pt x 289.08pt>
File: Figures/apps_django.png Graphic file (type png)
<use Figures/apps_django.png>
Package pdftex.def Info: Figures/apps_django.png  used on input line 10.
(pdftex.def)             Requested size: 81.80542pt x 144.53964pt.
File: Figures/post_example.png Graphic file (type png)
<use Figures/post_example.png>
Package pdftex.def Info: Figures/post_example.png  used on input line 16.
(pdftex.def)             Requested size: 203.83417pt x 219.97264pt.
<Figures/home_mobile.png, id=441, 349.305pt x 757.83125pt>
File: Figures/home_mobile.png Graphic file (type png)
<use Figures/home_mobile.png>
Package pdftex.def Info: Figures/home_mobile.png  used on input line 28.
(pdftex.def)             Requested size: 203.83417pt x 442.22519pt.
<Figures/home_pc.png, id=442, 995.72pt x 853.1875pt>
File: Figures/home_pc.png Graphic file (type png)
<use Figures/home_pc.png>
Package pdftex.def Info: Figures/home_pc.png  used on input line 34.
(pdftex.def)             Requested size: 203.83417pt x 174.65721pt.
[28



 <./Figures/apps_django.png>] [29 <./Figures/home_mobile.png> <./Figures/home_p
c.png>]
<Figures/account_1.png, id=457, 530.98375pt x 846.16125pt>
File: Figures/account_1.png Graphic file (type png)
<use Figures/account_1.png>
Package pdftex.def Info: Figures/account_1.png  used on input line 50.
(pdftex.def)             Requested size: 203.83417pt x 324.82411pt.
<Figures/account_2.png, id=458, 543.02875pt x 843.15pt>
File: Figures/account_2.png Graphic file (type png)
<use Figures/account_2.png>
Package pdftex.def Info: Figures/account_2.png  used on input line 56.
(pdftex.def)             Requested size: 203.83417pt x 316.48924pt.
 [30 <./Figures/account_1.png> <./Figures/account_2.png>]) [31]
\openout2 = `chapter7.aux'.


(./chapter7.tex
Chapter 6.
) [32



]
\openout2 = `chapter8.aux'.

 (./chapter8.tex
Chapter 7.
) [33



] (./finalreport.bbl
LaTeX Font Info:    Try loading font information for T1+cmtt on input line 6.

(/usr/local/texlive/2019/texmf-dist/tex/latex/base/t1cmtt.fd
File: t1cmtt.fd 2014/09/29 v2.5h Standard LaTeX font definitions
)
Overfull \hbox (168.81133pt too wide) in paragraph at lines 3--7
\T1/cmr/m/n/10.95 URL: []$\T1/cmtt/m/n/10.95 https : / / coderwall . com / p / 
cacyhw / an-[]introduction-[]to-[]ranking-[]algorithms-[]seen-[]on-[]social-[]n
ews-[]aggregators$[] 
 []


Overfull \hbox (129.20273pt too wide) in paragraph at lines 13--17
\T1/cmr/m/n/10.95 URL: []$\T1/cmtt/m/n/10.95 https : / / medium . com / @DoorDa
sh / tips-[]for-[]building-[]high-[]quality-[]django-[]apps-[]at-[]scale-[]a5a2
5917b2b5$[] 
 []


Overfull \hbox (13.53531pt too wide) in paragraph at lines 34--38
\T1/cmr/m/n/10.95 URL: []$\T1/cmtt/m/n/10.95 http : / / leankit . com / blog / 
2019 / 03 / top-[]6-[]software-[]development-[]methodologies/$[] 
 []


Overfull \hbox (106.06924pt too wide) in paragraph at lines 44--48
\T1/cmr/m/n/10.95 URL: []$\T1/cmtt/m/n/10.95 https : / / medium . com / hacking
-[]and-[]gonzo / how-[]hacker-[]news-[]ranking-[]algorithm-[]works-[]1d9b0cf2c0
8d$[] 
 []


Overfull \hbox (77.27739pt too wide) in paragraph at lines 49--53
\T1/cmr/m/n/10.95 URL: []$\T1/cmtt/m/n/10.95 https : / / medium . com / hacking
-[]and-[]gonzo / how-[]reddit-[]ranking-[]algorithms-[]work-[]ef111e33d0d9$[] 
 []

[34


]
Underfull \hbox (badness 10000) in paragraph at lines 54--58
\T1/cmr/m/n/10.95 URL: []$\T1/cmtt/m/n/10.95 http : / / www . righto . com / 20
13 / 11 / how-[]hacker-[]news-[]ranking-[]really-[]works .
 []


Underfull \hbox (badness 10000) in paragraph at lines 64--67
\T1/cmr/m/n/10.95 URL: []$\T1/cmtt/m/n/10.95 https : / / developer . mozilla . 
org / en-[]US / docs / Learn / Server-[]side / Django /
 []

)
Package atveryend Info: Empty hook `BeforeClearDocument' on input line 60.
 [35]
Package atveryend Info: Empty hook `AfterLastShipout' on input line 60.
 (./finalreport.aux (./abstract.aux) (./acknowledgements.aux)
(./glossary.aux) (./abbrev.aux) (./chapter1.aux) (./chapter2.aux)
(./chapter9.aux) (./chapter3.aux) (./chapter4.aux) (./chapter7.aux)
(./chapter8.aux))
Package atveryend Info: Executing hook `AtVeryEndDocument' on input line 60.
Package atveryend Info: Executing hook `AtEndAfterFileList' on input line 60.
Package rerunfilecheck Info: File `finalreport.out' has not changed.
(rerunfilecheck)             Checksum: 2C07C6493A9044961F2AA23FE9651F15;2756.
Package atveryend Info: Empty hook `AtVeryVeryEnd' on input line 60.
 ) 
Here is how much of TeX's memory you used:
 9008 strings out of 492616
 127533 string characters out of 6129481
 427413 words of memory out of 5000000
 12575 multiletter control sequences out of 15000+600000
 16555 words of font info for 39 fonts, out of 8000000 for 9000
 1141 hyphenation exceptions out of 8191
 35i,10n,45p,1392b,1205s stack positions out of 5000i,500n,10000p,200000b,80000s
{/usr/local/texlive/2019/texmf-dist/fonts/enc/dvips/cm-super/cm-super-t1.enc}
</usr/local/texlive/2019/texmf-dist/fonts/type1/public/amsfonts/cm/cmmi10.pfb><
/usr/local/texlive/2019/texmf-dist/fonts/type1/public/amsfonts/cm/cmsy10.pfb></
usr/local/texlive/2019/texmf-dist/fonts/type1/public/cm-super/sfbx1095.pfb></us
r/local/texlive/2019/texmf-dist/fonts/type1/public/cm-super/sfbx1200.pfb></usr/
local/texlive/2019/texmf-dist/fonts/type1/public/cm-super/sfbx1440.pfb></usr/lo
cal/texlive/2019/texmf-dist/fonts/type1/public/cm-super/sfbx2074.pfb></usr/loca
l/texlive/2019/texmf-dist/fonts/type1/public/cm-super/sfbx2488.pfb></usr/local/
texlive/2019/texmf-dist/fonts/type1/public/cm-super/sfrm1095.pfb></usr/local/te
xlive/2019/texmf-dist/fonts/type1/public/cm-super/sfrm1440.pfb></usr/local/texl
ive/2019/texmf-dist/fonts/type1/public/cm-super/sfrm1728.pfb></usr/local/texliv
e/2019/texmf-dist/fonts/type1/public/cm-super/sfti1095.pfb></usr/local/texlive/
2019/texmf-dist/fonts/type1/public/cm-super/sftt1095.pfb>
Output written on finalreport.pdf (36 pages, 5772925 bytes).
PDF statistics:
 585 PDF objects out of 1000 (max. 8388607)
 508 compressed objects within 6 object streams
 150 named destinations out of 1000 (max. 500000)
 400 words of extra memory for PDF output out of 10000 (max. 10000000)

