\BOOKMARK [0][-]{chapter.1}{Introduction}{}% 1
\BOOKMARK [1][-]{section.1.1}{Background}{chapter.1}% 2
\BOOKMARK [1][-]{section.1.2}{Aims \046 Objectives}{chapter.1}% 3
\BOOKMARK [2][-]{subsection.1.2.1}{Project Limitations}{section.1.2}% 4
\BOOKMARK [1][-]{section.1.3}{Software Development Life Cycle}{chapter.1}% 5
\BOOKMARK [1][-]{section.1.4}{Chosen Methodology}{chapter.1}% 6
\BOOKMARK [1][-]{section.1.5}{Report Structure}{chapter.1}% 7
\BOOKMARK [1][-]{section.1.6}{Summary}{chapter.1}% 8
\BOOKMARK [0][-]{chapter.2}{Literature Review}{}% 9
\BOOKMARK [1][-]{section.2.1}{Technologies Used}{chapter.2}% 10
\BOOKMARK [2][-]{subsection.2.1.1}{Django Framework}{section.2.1}% 11
\BOOKMARK [2][-]{subsection.2.1.2}{Atom}{section.2.1}% 12
\BOOKMARK [1][-]{section.2.2}{Existing Solutions}{chapter.2}% 13
\BOOKMARK [2][-]{subsection.2.2.1}{Reddit Rank \(Hot Sort\)}{section.2.2}% 14
\BOOKMARK [3][-]{subsubsection.2.2.1.1}{Weaknesses}{subsection.2.2.1}% 15
\BOOKMARK [2][-]{subsection.2.2.2}{Hacker News Rank}{section.2.2}% 16
\BOOKMARK [3][-]{subsubsection.2.2.2.1}{Weaknesses}{subsection.2.2.2}% 17
\BOOKMARK [3][-]{subsubsection.2.2.2.2}{Conclusion}{subsection.2.2.2}% 18
\BOOKMARK [2][-]{subsection.2.2.3}{Wilson Confidence Sort}{section.2.2}% 19
\BOOKMARK [3][-]{subsubsection.2.2.3.1}{Conclusion}{subsection.2.2.3}% 20
\BOOKMARK [2][-]{subsection.2.2.4}{Summary}{section.2.2}% 21
\BOOKMARK [0][-]{chapter.3}{The Algorithm}{}% 22
\BOOKMARK [1][-]{section.3.1}{Planning}{chapter.3}% 23
\BOOKMARK [1][-]{section.3.2}{Designing}{chapter.3}% 24
\BOOKMARK [1][-]{section.3.3}{Creating}{chapter.3}% 25
\BOOKMARK [1][-]{section.3.4}{Complexity}{chapter.3}% 26
\BOOKMARK [0][-]{chapter.4}{System Analysis}{}% 27
\BOOKMARK [1][-]{section.4.1}{Feasibility and System Limitations}{chapter.4}% 28
\BOOKMARK [1][-]{section.4.2}{User Experience}{chapter.4}% 29
\BOOKMARK [1][-]{section.4.3}{System Requirements}{chapter.4}% 30
\BOOKMARK [2][-]{subsection.4.3.1}{Hosting Requirements}{section.4.3}% 31
\BOOKMARK [2][-]{subsection.4.3.2}{System Functionality}{section.4.3}% 32
\BOOKMARK [0][-]{chapter.5}{System Design}{}% 33
\BOOKMARK [1][-]{section.5.1}{Prototype}{chapter.5}% 34
\BOOKMARK [1][-]{section.5.2}{User Interface Design and Usability}{chapter.5}% 35
\BOOKMARK [2][-]{subsection.5.2.1}{Home Page}{section.5.2}% 36
\BOOKMARK [2][-]{subsection.5.2.2}{Account Page}{section.5.2}% 37
\BOOKMARK [1][-]{section.5.3}{Difficulties faced}{chapter.5}% 38
\BOOKMARK [2][-]{subsection.5.3.1}{Pre-development}{section.5.3}% 39
\BOOKMARK [2][-]{subsection.5.3.2}{Development}{section.5.3}% 40
\BOOKMARK [0][-]{chapter.6}{Testing}{}% 41
\BOOKMARK [0][-]{chapter.7}{Statement of Ethics}{}% 42
\BOOKMARK [1][-]{section.7.1}{Leagal standpoint}{chapter.7}% 43
\BOOKMARK [1][-]{section.7.2}{Ethical standpoint}{chapter.7}% 44
\BOOKMARK [2][-]{subsection.7.2.1}{ACM-IEEE}{section.7.2}% 45
\BOOKMARK [2][-]{subsection.7.2.2}{The Computer Misuse Act 1990}{section.7.2}% 46
\BOOKMARK [2][-]{subsection.7.2.3}{Copyright}{section.7.2}% 47
\BOOKMARK [2][-]{subsection.7.2.4}{Conclusion}{section.7.2}% 48
\BOOKMARK [0][-]{chapter.8}{Conclusion}{}% 49
\BOOKMARK [1][-]{section.8.1}{Overview}{chapter.8}% 50
\BOOKMARK [1][-]{section.8.2}{Potential Improvements}{chapter.8}% 51
\BOOKMARK [1][-]{section.8.3}{Personal Gains}{chapter.8}% 52
